<?xml version="1.0" encoding="UTF-8"?>
<!-- Generated by org.testng.reporters.JUnitReportReporter -->
<testsuite skipped="0" hostname="C02TG5QYFVH3.local" name="com.ui.test.eric.eric_selenium.testcase.LoginModel" tests="4" failures="0" timestamp="08 一月 2018 18:17:52 GMT" time="161.734" errors="0">
  <testcase name="testLoginFailWithWrongPwd" time="17.442" classname="com.ui.test.eric.eric_selenium.testcase.LoginModel"/>
  <testcase name="testLoginFailWithWrongPwd" time="27.785" classname="com.ui.test.eric.eric_selenium.testcase.LoginModel"/>
  <testcase name="testLoginFailWithWrongPwd" time="94.374" classname="com.ui.test.eric.eric_selenium.testcase.LoginModel"/>
  <testcase name="testLoginSuccess" time="22.133" classname="com.ui.test.eric.eric_selenium.testcase.LoginModel"/>
</testsuite> <!-- com.ui.test.eric.eric_selenium.testcase.LoginModel -->
