<?xml version="1.0" encoding="UTF-8"?>
<!-- Generated by org.testng.reporters.JUnitReportReporter -->
<testsuite skipped="0" hostname="C02TG5QYFVH3.local" name="com.ui.test.eric.eric_selenium.AppTest" tests="1" failures="0" timestamp="08 一月 2018 15:40:48 GMT" time="0.015" errors="0">
  <testcase name="testApp" time="0.015" classname="com.ui.test.eric.eric_selenium.AppTest"/>
</testsuite> <!-- com.ui.test.eric.eric_selenium.AppTest -->
