<?xml version="1.0" encoding="UTF-8" ?>
<testsuite tests="6" failures="0" name="TestSuite" time="159.655" errors="0" skipped="0">
  <properties>
    <property name="java.runtime.name" value="Java(TM) SE Runtime Environment"/>
    <property name="sun.boot.library.path" value="/Library/Java/JavaVirtualMachines/jdk1.8.0_131.jdk/Contents/Home/jre/lib"/>
    <property name="java.vm.version" value="25.131-b11"/>
    <property name="gopherProxySet" value="false"/>
    <property name="java.vm.vendor" value="Oracle Corporation"/>
    <property name="java.vendor.url" value="http://java.oracle.com/"/>
    <property name="path.separator" value=":"/>
    <property name="java.vm.name" value="Java HotSpot(TM) 64-Bit Server VM"/>
    <property name="file.encoding.pkg" value="sun.io"/>
    <property name="user.country" value="CN"/>
    <property name="sun.java.launcher" value="SUN_STANDARD"/>
    <property name="sun.os.patch.level" value="unknown"/>
    <property name="java.vm.specification.name" value="Java Virtual Machine Specification"/>
    <property name="user.dir" value="/Users/ex-zhangchen003/eclipseWorkSpace/eric-selenium"/>
    <property name="java.runtime.version" value="1.8.0_131-b11"/>
    <property name="java.awt.graphicsenv" value="sun.awt.CGraphicsEnvironment"/>
    <property name="basedir" value="/Users/ex-zhangchen003/eclipseWorkSpace/eric-selenium"/>
    <property name="java.endorsed.dirs" value="/Library/Java/JavaVirtualMachines/jdk1.8.0_131.jdk/Contents/Home/jre/lib/endorsed"/>
    <property name="os.arch" value="x86_64"/>
    <property name="surefire.real.class.path" value="/Users/ex-zhangchen003/eclipseWorkSpace/eric-selenium/target/surefire/surefirebooter4822463536216079685.jar"/>
    <property name="java.io.tmpdir" value="/var/folders/zz/zyxvpxvq6csfxvn_n0000000000000/T/"/>
    <property name="line.separator" value="
"/>
    <property name="java.vm.specification.vendor" value="Oracle Corporation"/>
    <property name="os.name" value="Mac OS X"/>
    <property name="sun.jnu.encoding" value="UTF-8"/>
    <property name="java.library.path" value="/Users/ex-zhangchen003/Library/Java/Extensions:/Library/Java/Extensions:/Network/Library/Java/Extensions:/System/Library/Java/Extensions:/usr/lib/java:."/>
    <property name="surefire.test.class.path" value="/Users/ex-zhangchen003/eclipseWorkSpace/eric-selenium/target/test-classes:/Users/ex-zhangchen003/eclipseWorkSpace/eric-selenium/target/classes:/Users/ex-zhangchen003/Documents/repo/org/testng/testng/6.11/testng-6.11.jar:/Users/ex-zhangchen003/Documents/repo/com/beust/jcommander/1.64/jcommander-1.64.jar:/Users/ex-zhangchen003/Documents/repo/org/yaml/snakeyaml/1.17/snakeyaml-1.17.jar:/Users/ex-zhangchen003/Documents/repo/log4j/log4j/1.2.17/log4j-1.2.17.jar:/Users/ex-zhangchen003/Documents/repo/org/seleniumhq/selenium/selenium-java/3.5.3/selenium-java-3.5.3.jar:/Users/ex-zhangchen003/Documents/repo/org/seleniumhq/selenium/selenium-api/3.5.3/selenium-api-3.5.3.jar:/Users/ex-zhangchen003/Documents/repo/org/seleniumhq/selenium/selenium-chrome-driver/3.5.3/selenium-chrome-driver-3.5.3.jar:/Users/ex-zhangchen003/Documents/repo/org/seleniumhq/selenium/selenium-edge-driver/3.5.3/selenium-edge-driver-3.5.3.jar:/Users/ex-zhangchen003/Documents/repo/org/seleniumhq/selenium/selenium-firefox-driver/3.5.3/selenium-firefox-driver-3.5.3.jar:/Users/ex-zhangchen003/Documents/repo/org/seleniumhq/selenium/selenium-ie-driver/3.5.3/selenium-ie-driver-3.5.3.jar:/Users/ex-zhangchen003/Documents/repo/org/seleniumhq/selenium/selenium-opera-driver/3.5.3/selenium-opera-driver-3.5.3.jar:/Users/ex-zhangchen003/Documents/repo/org/seleniumhq/selenium/selenium-remote-driver/3.5.3/selenium-remote-driver-3.5.3.jar:/Users/ex-zhangchen003/Documents/repo/org/seleniumhq/selenium/selenium-safari-driver/3.5.3/selenium-safari-driver-3.5.3.jar:/Users/ex-zhangchen003/Documents/repo/org/seleniumhq/selenium/selenium-support/3.5.3/selenium-support-3.5.3.jar:/Users/ex-zhangchen003/Documents/repo/cglib/cglib-nodep/3.2.4/cglib-nodep-3.2.4.jar:/Users/ex-zhangchen003/Documents/repo/org/apache/commons/commons-exec/1.3/commons-exec-1.3.jar:/Users/ex-zhangchen003/Documents/repo/org/apache/commons/commons-lang3/3.5/commons-lang3-3.5.jar:/Users/ex-zhangchen003/Documents/repo/commons-codec/commons-codec/1.10/commons-codec-1.10.jar:/Users/ex-zhangchen003/Documents/repo/commons-io/commons-io/2.5/commons-io-2.5.jar:/Users/ex-zhangchen003/Documents/repo/commons-logging/commons-logging/1.2/commons-logging-1.2.jar:/Users/ex-zhangchen003/Documents/repo/org/w3c/css/sac/1.3/sac-1.3.jar:/Users/ex-zhangchen003/Documents/repo/net/sourceforge/cssparser/cssparser/0.9.23/cssparser-0.9.23.jar:/Users/ex-zhangchen003/Documents/repo/com/google/code/gson/gson/2.8.0/gson-2.8.0.jar:/Users/ex-zhangchen003/Documents/repo/com/google/guava/guava/23.0/guava-23.0.jar:/Users/ex-zhangchen003/Documents/repo/com/google/code/findbugs/jsr305/1.3.9/jsr305-1.3.9.jar:/Users/ex-zhangchen003/Documents/repo/com/google/errorprone/error_prone_annotations/2.0.18/error_prone_annotations-2.0.18.jar:/Users/ex-zhangchen003/Documents/repo/com/google/j2objc/j2objc-annotations/1.1/j2objc-annotations-1.1.jar:/Users/ex-zhangchen003/Documents/repo/org/codehaus/mojo/animal-sniffer-annotations/1.14/animal-sniffer-annotations-1.14.jar:/Users/ex-zhangchen003/Documents/repo/org/hamcrest/hamcrest-core/1.3/hamcrest-core-1.3.jar:/Users/ex-zhangchen003/Documents/repo/net/sourceforge/htmlunit/htmlunit/2.27/htmlunit-2.27.jar:/Users/ex-zhangchen003/Documents/repo/net/sourceforge/htmlunit/htmlunit-core-js/2.27/htmlunit-core-js-2.27.jar:/Users/ex-zhangchen003/Documents/repo/net/sourceforge/htmlunit/neko-htmlunit/2.27/neko-htmlunit-2.27.jar:/Users/ex-zhangchen003/Documents/repo/org/apache/httpcomponents/httpclient/4.5.3/httpclient-4.5.3.jar:/Users/ex-zhangchen003/Documents/repo/org/apache/httpcomponents/httpcore/4.4.6/httpcore-4.4.6.jar:/Users/ex-zhangchen003/Documents/repo/org/apache/httpcomponents/httpmime/4.5.3/httpmime-4.5.3.jar:/Users/ex-zhangchen003/Documents/repo/org/eclipse/jetty/jetty-client/9.4.5.v20170502/jetty-client-9.4.5.v20170502.jar:/Users/ex-zhangchen003/Documents/repo/org/eclipse/jetty/jetty-http/9.4.5.v20170502/jetty-http-9.4.5.v20170502.jar:/Users/ex-zhangchen003/Documents/repo/org/eclipse/jetty/jetty-io/9.4.5.v20170502/jetty-io-9.4.5.v20170502.jar:/Users/ex-zhangchen003/Documents/repo/org/eclipse/jetty/jetty-util/9.4.5.v20170502/jetty-util-9.4.5.v20170502.jar:/Users/ex-zhangchen003/Documents/repo/net/java/dev/jna/jna/4.1.0/jna-4.1.0.jar:/Users/ex-zhangchen003/Documents/repo/net/java/dev/jna/jna-platform/4.1.0/jna-platform-4.1.0.jar:/Users/ex-zhangchen003/Documents/repo/junit/junit/4.12/junit-4.12.jar:/Users/ex-zhangchen003/Documents/repo/com/codeborne/phantomjsdriver/1.4.0/phantomjsdriver-1.4.0.jar:/Users/ex-zhangchen003/Documents/repo/org/seleniumhq/selenium/htmlunit-driver/2.27/htmlunit-driver-2.27.jar:/Users/ex-zhangchen003/Documents/repo/javax/servlet/javax.servlet-api/3.1.0/javax.servlet-api-3.1.0.jar:/Users/ex-zhangchen003/Documents/repo/org/eclipse/jetty/websocket/websocket-api/9.4.5.v20170502/websocket-api-9.4.5.v20170502.jar:/Users/ex-zhangchen003/Documents/repo/org/eclipse/jetty/websocket/websocket-client/9.4.5.v20170502/websocket-client-9.4.5.v20170502.jar:/Users/ex-zhangchen003/Documents/repo/org/eclipse/jetty/websocket/websocket-common/9.4.5.v20170502/websocket-common-9.4.5.v20170502.jar:/Users/ex-zhangchen003/Documents/repo/xalan/serializer/2.7.2/serializer-2.7.2.jar:/Users/ex-zhangchen003/Documents/repo/xalan/xalan/2.7.2/xalan-2.7.2.jar:/Users/ex-zhangchen003/Documents/repo/xerces/xercesImpl/2.11.0/xercesImpl-2.11.0.jar:/Users/ex-zhangchen003/Documents/repo/xml-apis/xml-apis/1.4.01/xml-apis-1.4.01.jar:/Users/ex-zhangchen003/Documents/repo/com/alibaba/fastjson/1.2.44/fastjson-1.2.44.jar:"/>
    <property name="java.specification.name" value="Java Platform API Specification"/>
    <property name="java.class.version" value="52.0"/>
    <property name="sun.management.compiler" value="HotSpot 64-Bit Tiered Compilers"/>
    <property name="os.version" value="10.12.5"/>
    <property name="user.home" value="/var/root"/>
    <property name="user.timezone" value="Asia/Shanghai"/>
    <property name="java.awt.printerjob" value="sun.lwawt.macosx.CPrinterJob"/>
    <property name="java.specification.version" value="1.8"/>
    <property name="file.encoding" value="UTF-8"/>
    <property name="user.name" value="root"/>
    <property name="java.class.path" value="/Users/ex-zhangchen003/eclipseWorkSpace/eric-selenium/target/test-classes:/Users/ex-zhangchen003/eclipseWorkSpace/eric-selenium/target/classes:/Users/ex-zhangchen003/Documents/repo/org/testng/testng/6.11/testng-6.11.jar:/Users/ex-zhangchen003/Documents/repo/com/beust/jcommander/1.64/jcommander-1.64.jar:/Users/ex-zhangchen003/Documents/repo/org/yaml/snakeyaml/1.17/snakeyaml-1.17.jar:/Users/ex-zhangchen003/Documents/repo/log4j/log4j/1.2.17/log4j-1.2.17.jar:/Users/ex-zhangchen003/Documents/repo/org/seleniumhq/selenium/selenium-java/3.5.3/selenium-java-3.5.3.jar:/Users/ex-zhangchen003/Documents/repo/org/seleniumhq/selenium/selenium-api/3.5.3/selenium-api-3.5.3.jar:/Users/ex-zhangchen003/Documents/repo/org/seleniumhq/selenium/selenium-chrome-driver/3.5.3/selenium-chrome-driver-3.5.3.jar:/Users/ex-zhangchen003/Documents/repo/org/seleniumhq/selenium/selenium-edge-driver/3.5.3/selenium-edge-driver-3.5.3.jar:/Users/ex-zhangchen003/Documents/repo/org/seleniumhq/selenium/selenium-firefox-driver/3.5.3/selenium-firefox-driver-3.5.3.jar:/Users/ex-zhangchen003/Documents/repo/org/seleniumhq/selenium/selenium-ie-driver/3.5.3/selenium-ie-driver-3.5.3.jar:/Users/ex-zhangchen003/Documents/repo/org/seleniumhq/selenium/selenium-opera-driver/3.5.3/selenium-opera-driver-3.5.3.jar:/Users/ex-zhangchen003/Documents/repo/org/seleniumhq/selenium/selenium-remote-driver/3.5.3/selenium-remote-driver-3.5.3.jar:/Users/ex-zhangchen003/Documents/repo/org/seleniumhq/selenium/selenium-safari-driver/3.5.3/selenium-safari-driver-3.5.3.jar:/Users/ex-zhangchen003/Documents/repo/org/seleniumhq/selenium/selenium-support/3.5.3/selenium-support-3.5.3.jar:/Users/ex-zhangchen003/Documents/repo/cglib/cglib-nodep/3.2.4/cglib-nodep-3.2.4.jar:/Users/ex-zhangchen003/Documents/repo/org/apache/commons/commons-exec/1.3/commons-exec-1.3.jar:/Users/ex-zhangchen003/Documents/repo/org/apache/commons/commons-lang3/3.5/commons-lang3-3.5.jar:/Users/ex-zhangchen003/Documents/repo/commons-codec/commons-codec/1.10/commons-codec-1.10.jar:/Users/ex-zhangchen003/Documents/repo/commons-io/commons-io/2.5/commons-io-2.5.jar:/Users/ex-zhangchen003/Documents/repo/commons-logging/commons-logging/1.2/commons-logging-1.2.jar:/Users/ex-zhangchen003/Documents/repo/org/w3c/css/sac/1.3/sac-1.3.jar:/Users/ex-zhangchen003/Documents/repo/net/sourceforge/cssparser/cssparser/0.9.23/cssparser-0.9.23.jar:/Users/ex-zhangchen003/Documents/repo/com/google/code/gson/gson/2.8.0/gson-2.8.0.jar:/Users/ex-zhangchen003/Documents/repo/com/google/guava/guava/23.0/guava-23.0.jar:/Users/ex-zhangchen003/Documents/repo/com/google/code/findbugs/jsr305/1.3.9/jsr305-1.3.9.jar:/Users/ex-zhangchen003/Documents/repo/com/google/errorprone/error_prone_annotations/2.0.18/error_prone_annotations-2.0.18.jar:/Users/ex-zhangchen003/Documents/repo/com/google/j2objc/j2objc-annotations/1.1/j2objc-annotations-1.1.jar:/Users/ex-zhangchen003/Documents/repo/org/codehaus/mojo/animal-sniffer-annotations/1.14/animal-sniffer-annotations-1.14.jar:/Users/ex-zhangchen003/Documents/repo/org/hamcrest/hamcrest-core/1.3/hamcrest-core-1.3.jar:/Users/ex-zhangchen003/Documents/repo/net/sourceforge/htmlunit/htmlunit/2.27/htmlunit-2.27.jar:/Users/ex-zhangchen003/Documents/repo/net/sourceforge/htmlunit/htmlunit-core-js/2.27/htmlunit-core-js-2.27.jar:/Users/ex-zhangchen003/Documents/repo/net/sourceforge/htmlunit/neko-htmlunit/2.27/neko-htmlunit-2.27.jar:/Users/ex-zhangchen003/Documents/repo/org/apache/httpcomponents/httpclient/4.5.3/httpclient-4.5.3.jar:/Users/ex-zhangchen003/Documents/repo/org/apache/httpcomponents/httpcore/4.4.6/httpcore-4.4.6.jar:/Users/ex-zhangchen003/Documents/repo/org/apache/httpcomponents/httpmime/4.5.3/httpmime-4.5.3.jar:/Users/ex-zhangchen003/Documents/repo/org/eclipse/jetty/jetty-client/9.4.5.v20170502/jetty-client-9.4.5.v20170502.jar:/Users/ex-zhangchen003/Documents/repo/org/eclipse/jetty/jetty-http/9.4.5.v20170502/jetty-http-9.4.5.v20170502.jar:/Users/ex-zhangchen003/Documents/repo/org/eclipse/jetty/jetty-io/9.4.5.v20170502/jetty-io-9.4.5.v20170502.jar:/Users/ex-zhangchen003/Documents/repo/org/eclipse/jetty/jetty-util/9.4.5.v20170502/jetty-util-9.4.5.v20170502.jar:/Users/ex-zhangchen003/Documents/repo/net/java/dev/jna/jna/4.1.0/jna-4.1.0.jar:/Users/ex-zhangchen003/Documents/repo/net/java/dev/jna/jna-platform/4.1.0/jna-platform-4.1.0.jar:/Users/ex-zhangchen003/Documents/repo/junit/junit/4.12/junit-4.12.jar:/Users/ex-zhangchen003/Documents/repo/com/codeborne/phantomjsdriver/1.4.0/phantomjsdriver-1.4.0.jar:/Users/ex-zhangchen003/Documents/repo/org/seleniumhq/selenium/htmlunit-driver/2.27/htmlunit-driver-2.27.jar:/Users/ex-zhangchen003/Documents/repo/javax/servlet/javax.servlet-api/3.1.0/javax.servlet-api-3.1.0.jar:/Users/ex-zhangchen003/Documents/repo/org/eclipse/jetty/websocket/websocket-api/9.4.5.v20170502/websocket-api-9.4.5.v20170502.jar:/Users/ex-zhangchen003/Documents/repo/org/eclipse/jetty/websocket/websocket-client/9.4.5.v20170502/websocket-client-9.4.5.v20170502.jar:/Users/ex-zhangchen003/Documents/repo/org/eclipse/jetty/websocket/websocket-common/9.4.5.v20170502/websocket-common-9.4.5.v20170502.jar:/Users/ex-zhangchen003/Documents/repo/xalan/serializer/2.7.2/serializer-2.7.2.jar:/Users/ex-zhangchen003/Documents/repo/xalan/xalan/2.7.2/xalan-2.7.2.jar:/Users/ex-zhangchen003/Documents/repo/xerces/xercesImpl/2.11.0/xercesImpl-2.11.0.jar:/Users/ex-zhangchen003/Documents/repo/xml-apis/xml-apis/1.4.01/xml-apis-1.4.01.jar:/Users/ex-zhangchen003/Documents/repo/com/alibaba/fastjson/1.2.44/fastjson-1.2.44.jar:"/>
    <property name="java.vm.specification.version" value="1.8"/>
    <property name="sun.arch.data.model" value="64"/>
    <property name="java.home" value="/Library/Java/JavaVirtualMachines/jdk1.8.0_131.jdk/Contents/Home/jre"/>
    <property name="sun.java.command" value="/Users/ex-zhangchen003/eclipseWorkSpace/eric-selenium/target/surefire/surefirebooter4822463536216079685.jar /Users/ex-zhangchen003/eclipseWorkSpace/eric-selenium/target/surefire/surefire2848013702870882189tmp /Users/ex-zhangchen003/eclipseWorkSpace/eric-selenium/target/surefire/surefire6594208778893070543tmp"/>
    <property name="java.specification.vendor" value="Oracle Corporation"/>
    <property name="user.language" value="zh"/>
    <property name="awt.toolkit" value="sun.lwawt.macosx.LWCToolkit"/>
    <property name="java.vm.info" value="mixed mode"/>
    <property name="java.version" value="1.8.0_131"/>
    <property name="java.ext.dirs" value="/Users/ex-zhangchen003/Library/Java/Extensions:/Library/Java/JavaVirtualMachines/jdk1.8.0_131.jdk/Contents/Home/jre/lib/ext:/Library/Java/Extensions:/Network/Library/Java/Extensions:/System/Library/Java/Extensions:/usr/lib/java"/>
    <property name="sun.boot.class.path" value="/Library/Java/JavaVirtualMachines/jdk1.8.0_131.jdk/Contents/Home/jre/lib/resources.jar:/Library/Java/JavaVirtualMachines/jdk1.8.0_131.jdk/Contents/Home/jre/lib/rt.jar:/Library/Java/JavaVirtualMachines/jdk1.8.0_131.jdk/Contents/Home/jre/lib/sunrsasign.jar:/Library/Java/JavaVirtualMachines/jdk1.8.0_131.jdk/Contents/Home/jre/lib/jsse.jar:/Library/Java/JavaVirtualMachines/jdk1.8.0_131.jdk/Contents/Home/jre/lib/jce.jar:/Library/Java/JavaVirtualMachines/jdk1.8.0_131.jdk/Contents/Home/jre/lib/charsets.jar:/Library/Java/JavaVirtualMachines/jdk1.8.0_131.jdk/Contents/Home/jre/lib/jfr.jar:/Library/Java/JavaVirtualMachines/jdk1.8.0_131.jdk/Contents/Home/jre/classes"/>
    <property name="webdriver.chrome.driver" value="/Users/ex-zhangchen003/App/webdriver/chrome/2.3.4/chromedriver"/>
    <property name="java.vendor" value="Oracle Corporation"/>
    <property name="localRepository" value="/Users/ex-zhangchen003/Documents/repo"/>
    <property name="file.separator" value="/"/>
    <property name="java.vendor.url.bug" value="http://bugreport.sun.com/bugreport/"/>
    <property name="sun.cpu.endian" value="little"/>
    <property name="sun.io.unicode.encoding" value="UnicodeBig"/>
    <property name="sun.cpu.isalist" value=""/>
  </properties>
  <testcase classname="com.ui.test.eric.eric_selenium.AppTest" name="testApp" time="0.005"/>
  <testcase classname="com.ui.test.eric.eric_selenium.testcase.LoginModel" name="testLoginFailWithWrongPwd" time="3.7"/>
  <testcase classname="com.ui.test.eric.eric_selenium.testcase.LoginModel" name="testLoginFailWithWrongPwd" time="1.344"/>
  <testcase classname="com.ui.test.eric.eric_selenium.testcase.LoginModel" name="testLoginFailWithWrongPwd" time="1.077"/>
  <testcase classname="com.ui.test.eric.eric_selenium.testcase.LoginModel" name="testLoginSuccess" time="4.676"/>
  <testcase classname="com.ui.test.eric.eric_selenium.testcase.MyCVEditModel" name="testUpdateUserPhone" time="8.401"/>
</testsuite>