<?xml version="1.0" encoding="UTF-8"?>
<!-- Generated by org.testng.reporters.JUnitReportReporter -->
<testsuite skipped="0" hostname="C02TG5QYFVH3.local" name="com.ui.test.eric.eric_selenium.testcase.MyCVEditModel" tests="1" failures="0" timestamp="13 一月 2018 16:19:55 GMT" time="16.227" errors="0">
  <testcase name="testUpdateUserPhone" time="16.227" classname="com.ui.test.eric.eric_selenium.testcase.MyCVEditModel"/>
</testsuite> <!-- com.ui.test.eric.eric_selenium.testcase.MyCVEditModel -->
