<?xml version="1.0" encoding="UTF-8"?>
<!-- Generated by org.testng.reporters.JUnitReportReporter -->
<testsuite skipped="0" hostname="C02TG5QYFVH3.local" name="com.ui.test.eric.eric_selenium.testcase.LoginModel" tests="4" failures="0" timestamp="13 一月 2018 16:19:55 GMT" time="138.967" errors="0">
  <testcase name="testLoginSuccess" time="17.325" classname="com.ui.test.eric.eric_selenium.testcase.LoginModel"/>
  <testcase name="testLoginFailWithWrongPwd" time="93.967" classname="com.ui.test.eric.eric_selenium.testcase.LoginModel"/>
  <testcase name="testLoginFailWithWrongPwd" time="14.009" classname="com.ui.test.eric.eric_selenium.testcase.LoginModel"/>
  <testcase name="testLoginFailWithWrongPwd" time="13.666" classname="com.ui.test.eric.eric_selenium.testcase.LoginModel"/>
</testsuite> <!-- com.ui.test.eric.eric_selenium.testcase.LoginModel -->
